# Cities: 35
# Index, X, Y
   0  252  806
   1  283  989
   2  503   29
   3  776  301
   4  714    0
   5  309  130
   6  677   86
   7  490  104
   8  793  161
   9  986  777
  10  901  417
  11  767  367
  12  113  354
  13  717  259
  14  177  287
  15  844  100
  16  393  989
  17  748   11
  18  649  749
  19  367  402
  20  912  612
  21  431  506
  22  710  722
  23  146   70
  24  677  990
  25  874  632
  26  451  700
  27  123  510
  28  364  223
  29  440  883
  30  757  189
  31  116  253
  32  918  669
  33  258  218
  34  390  724
