# Cities: 33
# Index, X, Y
   0  478  837
   1  980   14
   2  885  805
   3  324  338
   4  639  620
   5  194  985
   6  463  304
   7  999  873
   8  328  750
   9  908  922
  10  110  124
  11  870  917
  12  181  167
  13  141  910
  14  515  867
  15  641  419
  16  645  455
  17  127  297
  18  276  159
  19  575  733
  20  849  537
  21  434  938
  22  227  499
  23  397  971
  24  621  766
  25  640   42
  26  515  622
  27  513  367
  28  738  110
  29   66  757
  30   88  485
  31  820  227
  32  880  646
