# Cities: 32
# Index, X, Y
   0  735  284
   1  289  222
   2  693  374
   3  615   95
   4   23  721
   5  847  423
   6  690  776
   7  901   87
   8  630    1
   9  672  116
  10  929   71
  11  467  626
  12  496   88
  13  405  979
  14  525  139
  15  876  992
  16  976  253
  17  949  653
  18  311  885
  19  274   52
  20  419  920
  21  647  435
  22  621  299
  23  344   96
  24  210  820
  25  295   39
  26  362   98
  27  128  622
  28  849  746
  29  977  537
  30  125  554
  31   55  372
