# Cities: 34
# Index, X, Y
   0   69  375
   1  471  656
   2   48  473
   3  543  492
   4  910  132
   5  443  351
   6   34  756
   7  603  485
   8  232  341
   9  110  230
  10  979  839
  11  441  869
  12  394  374
  13  371  161
  14  893  976
  15  323  927
  16  712  901
  17  635  877
  18  575  146
  19  732  987
  20  317  768
  21  857  647
  22  185  711
  23  502   27
  24  658  705
  25  968  430
  26  282  794
  27  258  268
  28  716   58
  29  832  811
  30  502  794
  31  531  313
  32  310  659
  33  580  861
